[INFO] 2020/02/16 16:31 @@@ Init app conf
[INFO] 2020/02/16 16:31 @@@ Init db conf
[DBUG] 2020/02/16 16:31 [./src\routes\home_route.go:11] OPTIONS: / -> github.com/yanzhen74/gofront/src/routes.HomeHub.func1() and 3 more
[DBUG] 2020/02/16 16:31 [./src\routes\home_route.go:11] GET: / -> github.com/yanzhen74/gofront/src/routes.HomeHub.func1() and 3 more
[DBUG] 2020/02/16 16:31 [./src\routes\cctc_route.go:9] OPTIONS: /cctc/downlink -> github.com/yanzhen74/gofront/src/routes.DownLink_Get() and 3 more
[DBUG] 2020/02/16 16:31 [./src\routes\cctc_route.go:9] GET: /cctc/downlink -> github.com/yanzhen74/gofront/src/routes.DownLink_Get() and 3 more
[DBUG] 2020/02/16 16:31 [./src\routes\cctc_route.go:10] OPTIONS: /cctc/process_state -> github.com/yanzhen74/gofront/src/routes.Process_state_Post() and 3 more
[DBUG] 2020/02/16 16:31 [./src\routes\cctc_route.go:10] POST: /cctc/process_state -> github.com/yanzhen74/gofront/src/routes.Process_state_Post() and 3 more
[DBUG] 2020/02/16 16:31 Application: running using 1 host(s)
[DBUG] 2020/02/16 16:31 Host: addr is :8080
[DBUG] 2020/02/16 16:31 Host: virtual host is localhost:8080
[DBUG] 2020/02/16 16:31 Host: register startup notifier
[DBUG] 2020/02/16 16:31 Host: register server shutdown on interrupt(CTRL+C/CMD+C)
Now listening on: http://localhost:8080
Application started. Press CTRL+C to shut down.
[INFO] 2020/02/16 16:32 @@@ Init app conf
[INFO] 2020/02/16 16:32 @@@ Init db conf
[DBUG] 2020/02/16 16:32 [./src\routes\home_route.go:11] OPTIONS: / -> github.com/yanzhen74/gofront/src/routes.HomeHub.func1() and 3 more
[DBUG] 2020/02/16 16:32 [./src\routes\home_route.go:11] GET: / -> github.com/yanzhen74/gofront/src/routes.HomeHub.func1() and 3 more
[DBUG] 2020/02/16 16:32 [./src\routes\cctc_route.go:9] OPTIONS: /cctc/downlink -> github.com/yanzhen74/gofront/src/routes.DownLink_Get() and 3 more
[DBUG] 2020/02/16 16:32 [./src\routes\cctc_route.go:9] GET: /cctc/downlink -> github.com/yanzhen74/gofront/src/routes.DownLink_Get() and 3 more
[DBUG] 2020/02/16 16:32 [./src\routes\cctc_route.go:10] OPTIONS: /cctc/process_state -> github.com/yanzhen74/gofront/src/routes.Process_state_Post() and 3 more
[DBUG] 2020/02/16 16:32 [./src\routes\cctc_route.go:10] POST: /cctc/process_state -> github.com/yanzhen74/gofront/src/routes.Process_state_Post() and 3 more
[DBUG] 2020/02/16 16:32 Application: running using 1 host(s)
[DBUG] 2020/02/16 16:32 Host: addr is :8080
[DBUG] 2020/02/16 16:32 Host: virtual host is localhost:8080
[DBUG] 2020/02/16 16:32 Host: register startup notifier
[DBUG] 2020/02/16 16:32 Host: register server shutdown on interrupt(CTRL+C/CMD+C)
Now listening on: http://localhost:8080
Application started. Press CTRL+C to shut down.
[INFO] 2020/02/16 16:44 @@@ Init app conf
[INFO] 2020/02/16 16:44 @@@ Init db conf
[DBUG] 2020/02/16 16:44 [./src\routes\home_route.go:11] OPTIONS: / -> github.com/yanzhen74/gofront/src/routes.HomeHub.func1() and 3 more
[DBUG] 2020/02/16 16:44 [./src\routes\home_route.go:11] GET: / -> github.com/yanzhen74/gofront/src/routes.HomeHub.func1() and 3 more
[DBUG] 2020/02/16 16:44 [./src\routes\cctc_route.go:9] OPTIONS: /cctc/downlink -> github.com/yanzhen74/gofront/src/routes.DownLink_Get() and 3 more
[DBUG] 2020/02/16 16:44 [./src\routes\cctc_route.go:9] GET: /cctc/downlink -> github.com/yanzhen74/gofront/src/routes.DownLink_Get() and 3 more
[DBUG] 2020/02/16 16:44 [./src\routes\cctc_route.go:10] OPTIONS: /cctc/process_state -> github.com/yanzhen74/gofront/src/routes.Process_state_Post() and 3 more
[DBUG] 2020/02/16 16:44 [./src\routes\cctc_route.go:10] POST: /cctc/process_state -> github.com/yanzhen74/gofront/src/routes.Process_state_Post() and 3 more
[DBUG] 2020/02/16 16:44 Application: running using 1 host(s)
[DBUG] 2020/02/16 16:44 Host: addr is :8080
[DBUG] 2020/02/16 16:44 Host: virtual host is localhost:8080
[DBUG] 2020/02/16 16:44 Host: register startup notifier
[DBUG] 2020/02/16 16:44 Host: register server shutdown on interrupt(CTRL+C/CMD+C)
Now listening on: http://localhost:8080
Application started. Press CTRL+C to shut down.
[INFO] 2020/02/16 20:19 @@@ Init app conf
[INFO] 2020/02/16 20:19 @@@ Init db conf
[FTAL] 2020/02/16 20:19 @@@ 初始化数据库连接失败!! sql: unknown driver "sqlite3" (forgotten import?)
[INFO] 2020/02/16 20:30 @@@ Init app conf
[INFO] 2020/02/16 20:30 @@@ Init db conf
[DBUG] 2020/02/16 20:30 [./src\routes\home_route.go:11] OPTIONS: / -> github.com/yanzhen74/gofront/src/routes.HomeHub.func1() and 3 more
[DBUG] 2020/02/16 20:30 [./src\routes\home_route.go:11] GET: / -> github.com/yanzhen74/gofront/src/routes.HomeHub.func1() and 3 more
[DBUG] 2020/02/16 20:30 [./src\routes\cctc_route.go:9] OPTIONS: /cctc/downlink -> github.com/yanzhen74/gofront/src/routes.DownLink_Get() and 3 more
[DBUG] 2020/02/16 20:30 [./src\routes\cctc_route.go:9] GET: /cctc/downlink -> github.com/yanzhen74/gofront/src/routes.DownLink_Get() and 3 more
[DBUG] 2020/02/16 20:30 [./src\routes\cctc_route.go:10] OPTIONS: /cctc/process_state -> github.com/yanzhen74/gofront/src/routes.Process_state_Post() and 3 more
[DBUG] 2020/02/16 20:30 [./src\routes\cctc_route.go:10] POST: /cctc/process_state -> github.com/yanzhen74/gofront/src/routes.Process_state_Post() and 3 more
[DBUG] 2020/02/16 20:30 Application: running using 1 host(s)
[DBUG] 2020/02/16 20:30 Host: addr is :8080
[DBUG] 2020/02/16 20:30 Host: virtual host is localhost:8080
[DBUG] 2020/02/16 20:30 Host: register startup notifier
[DBUG] 2020/02/16 20:30 Host: register server shutdown on interrupt(CTRL+C/CMD+C)
Now listening on: http://localhost:8080
Application started. Press CTRL+C to shut down.
[INFO] 2020/02/16 20:42 @@@ Init app conf
[INFO] 2020/02/16 20:42 @@@ Init db conf
[DBUG] 2020/02/16 20:42 [./src\routes\home_route.go:11] OPTIONS: / -> github.com/yanzhen74/gofront/src/routes.HomeHub.func1() and 3 more
[DBUG] 2020/02/16 20:42 [./src\routes\home_route.go:11] GET: / -> github.com/yanzhen74/gofront/src/routes.HomeHub.func1() and 3 more
[DBUG] 2020/02/16 20:42 [./src\routes\cctc_route.go:9] OPTIONS: /cctc/downlink -> github.com/yanzhen74/gofront/src/routes.DownLink_Get() and 3 more
[DBUG] 2020/02/16 20:42 [./src\routes\cctc_route.go:9] GET: /cctc/downlink -> github.com/yanzhen74/gofront/src/routes.DownLink_Get() and 3 more
[DBUG] 2020/02/16 20:42 [./src\routes\cctc_route.go:10] OPTIONS: /cctc/process_state -> github.com/yanzhen74/gofront/src/routes.Process_state_Post() and 3 more
[DBUG] 2020/02/16 20:42 [./src\routes\cctc_route.go:10] POST: /cctc/process_state -> github.com/yanzhen74/gofront/src/routes.Process_state_Post() and 3 more
[DBUG] 2020/02/16 20:42 Application: running using 1 host(s)
[DBUG] 2020/02/16 20:42 Host: addr is :8080
[DBUG] 2020/02/16 20:42 Host: virtual host is localhost:8080
[DBUG] 2020/02/16 20:42 Host: register startup notifier
[DBUG] 2020/02/16 20:42 Host: register server shutdown on interrupt(CTRL+C/CMD+C)
Now listening on: http://localhost:8080
Application started. Press CTRL+C to shut down.
[INFO] 2020/02/16 20:46 @@@ Init app conf
[INFO] 2020/02/16 20:46 @@@ Init db conf
[DBUG] 2020/02/16 20:46 [./src\routes\home_route.go:11] OPTIONS: / -> github.com/yanzhen74/gofront/src/routes.HomeHub.func1() and 3 more
[DBUG] 2020/02/16 20:46 [./src\routes\home_route.go:11] GET: / -> github.com/yanzhen74/gofront/src/routes.HomeHub.func1() and 3 more
[DBUG] 2020/02/16 20:46 [./src\routes\cctc_route.go:9] OPTIONS: /cctc/downlink -> github.com/yanzhen74/gofront/src/routes.DownLink_Get() and 3 more
[DBUG] 2020/02/16 20:46 [./src\routes\cctc_route.go:9] GET: /cctc/downlink -> github.com/yanzhen74/gofront/src/routes.DownLink_Get() and 3 more
[DBUG] 2020/02/16 20:46 [./src\routes\cctc_route.go:10] OPTIONS: /cctc/process_state -> github.com/yanzhen74/gofront/src/routes.Process_state_Post() and 3 more
[DBUG] 2020/02/16 20:46 [./src\routes\cctc_route.go:10] POST: /cctc/process_state -> github.com/yanzhen74/gofront/src/routes.Process_state_Post() and 3 more
[DBUG] 2020/02/16 20:46 Application: running using 1 host(s)
[DBUG] 2020/02/16 20:46 Host: addr is :8080
[DBUG] 2020/02/16 20:46 Host: virtual host is localhost:8080
[DBUG] 2020/02/16 20:46 Host: register startup notifier
[DBUG] 2020/02/16 20:46 Host: register server shutdown on interrupt(CTRL+C/CMD+C)
Now listening on: http://localhost:8080
Application started. Press CTRL+C to shut down.
[INFO] 2020/02/16 20:47 @@@ Init app conf
[INFO] 2020/02/16 20:47 @@@ Init db conf
[DBUG] 2020/02/16 20:47 [./src\routes\home_route.go:11] OPTIONS: / -> github.com/yanzhen74/gofront/src/routes.HomeHub.func1() and 3 more
[DBUG] 2020/02/16 20:47 [./src\routes\home_route.go:11] GET: / -> github.com/yanzhen74/gofront/src/routes.HomeHub.func1() and 3 more
[DBUG] 2020/02/16 20:47 [./src\routes\cctc_route.go:9] OPTIONS: /cctc/downlink -> github.com/yanzhen74/gofront/src/routes.DownLink_Get() and 3 more
[DBUG] 2020/02/16 20:47 [./src\routes\cctc_route.go:9] GET: /cctc/downlink -> github.com/yanzhen74/gofront/src/routes.DownLink_Get() and 3 more
[DBUG] 2020/02/16 20:47 [./src\routes\cctc_route.go:10] OPTIONS: /cctc/process_state -> github.com/yanzhen74/gofront/src/routes.Process_state_Post() and 3 more
[DBUG] 2020/02/16 20:47 [./src\routes\cctc_route.go:10] POST: /cctc/process_state -> github.com/yanzhen74/gofront/src/routes.Process_state_Post() and 3 more
[DBUG] 2020/02/16 20:47 Application: running using 1 host(s)
[DBUG] 2020/02/16 20:47 Host: addr is :8080
[DBUG] 2020/02/16 20:47 Host: virtual host is localhost:8080
[DBUG] 2020/02/16 20:47 Host: register startup notifier
[DBUG] 2020/02/16 20:47 Host: register server shutdown on interrupt(CTRL+C/CMD+C)
Now listening on: http://localhost:8080
Application started. Press CTRL+C to shut down.
